<?xml version="1.0" encoding="UTF-8"?>
<testng-results ignored="0" total="2" passed="1" failed="1" skipped="0">
  <reporter-output>
  </reporter-output>
  <suite started-at="2024-08-24T09:28:52 IST" name="Default suite" finished-at="2024-08-24T09:29:07 IST" duration-ms="15508">
    <groups>
    </groups>
    <test started-at="2024-08-24T09:28:52 IST" name="Default test" finished-at="2024-08-24T09:29:07 IST" duration-ms="15508">
      <class name="com.swagRunner.SwagRunner">
        <test-method is-config="true" signature="startTest()[pri:0, instance:com.swagRunner.SwagRunner@5f9be66c]" started-at="2024-08-24T09:28:52 IST" name="startTest" finished-at="2024-08-24T09:28:52 IST" duration-ms="209" status="PASS">
          <reporter-output>
          </reporter-output>
        </test-method> <!-- startTest -->
        <test-method is-config="true" signature="setUp()[pri:0, instance:com.swagRunner.SwagRunner@5f9be66c]" started-at="2024-08-24T09:28:52 IST" name="setUp" finished-at="2024-08-24T09:28:54 IST" duration-ms="2598" status="PASS">
          <reporter-output>
          </reporter-output>
        </test-method> <!-- setUp -->
        <test-method signature="LoginTest()[pri:-1, instance:com.swagRunner.SwagRunner@5f9be66c]" started-at="2024-08-24T09:28:54 IST" name="LoginTest" finished-at="2024-08-24T09:29:00 IST" duration-ms="5944" status="PASS">
          <reporter-output>
          </reporter-output>
        </test-method> <!-- LoginTest -->
        <test-method signature="order5()[pri:4, instance:com.swagRunner.SwagRunner@5f9be66c]" started-at="2024-08-24T09:29:01 IST" name="order5" finished-at="2024-08-24T09:29:07 IST" duration-ms="6274" status="FAIL">
          <exception class="java.lang.AssertionError">
            <message>
              <![CDATA[expected [true] but found [false]]]>
            </message>
            <full-stacktrace>
              <![CDATA[java.lang.AssertionError: expected [true] but found [false]
at org.testng.Assert.fail(Assert.java:99)
at org.testng.Assert.failNotEquals(Assert.java:1037)
at org.testng.Assert.assertTrue(Assert.java:45)
at org.testng.Assert.assertTrue(Assert.java:55)
at com.swagRunner.SwagRunner.order5(SwagRunner.java:120)
at java.base/jdk.internal.reflect.DirectMethodHandleAccessor.invoke(DirectMethodHandleAccessor.java:103)
at java.base/java.lang.reflect.Method.invoke(Method.java:580)
at org.testng.internal.MethodInvocationHelper.invokeMethod(MethodInvocationHelper.java:133)
at org.testng.internal.TestInvoker.invokeMethod(TestInvoker.java:598)
at org.testng.internal.TestInvoker.invokeTestMethod(TestInvoker.java:173)
at org.testng.internal.MethodRunner.runInSequence(MethodRunner.java:46)
at org.testng.internal.TestInvoker$MethodInvocationAgent.invoke(TestInvoker.java:824)
at org.testng.internal.TestInvoker.invokeTestMethods(TestInvoker.java:146)
at org.testng.internal.TestMethodWorker.invokeTestMethods(TestMethodWorker.java:146)
at org.testng.internal.TestMethodWorker.run(TestMethodWorker.java:128)
at java.base/java.util.ArrayList.forEach(ArrayList.java:1596)
at org.testng.TestRunner.privateRun(TestRunner.java:794)
at org.testng.TestRunner.run(TestRunner.java:596)
at org.testng.SuiteRunner.runTest(SuiteRunner.java:377)
at org.testng.SuiteRunner.runSequentially(SuiteRunner.java:371)
at org.testng.SuiteRunner.privateRun(SuiteRunner.java:332)
at org.testng.SuiteRunner.run(SuiteRunner.java:276)
at org.testng.SuiteRunnerWorker.runSuite(SuiteRunnerWorker.java:53)
at org.testng.SuiteRunnerWorker.run(SuiteRunnerWorker.java:96)
at org.testng.TestNG.runSuitesSequentially(TestNG.java:1212)
at org.testng.TestNG.runSuitesLocally(TestNG.java:1134)
at org.testng.TestNG.runSuites(TestNG.java:1063)
at org.testng.TestNG.run(TestNG.java:1031)
at org.testng.remote.AbstractRemoteTestNG.run(AbstractRemoteTestNG.java:115)
at org.testng.remote.RemoteTestNG.initAndRun(RemoteTestNG.java:293)
at org.testng.remote.RemoteTestNG.main(RemoteTestNG.java:91)
]]>
            </full-stacktrace>
          </exception> <!-- java.lang.AssertionError -->
          <reporter-output>
          </reporter-output>
        </test-method> <!-- order5 -->
        <test-method is-config="true" signature="closeBrowser()[pri:0, instance:com.swagRunner.SwagRunner@5f9be66c]" started-at="2024-08-24T09:29:07 IST" name="closeBrowser" finished-at="2024-08-24T09:29:07 IST" duration-ms="111" status="PASS">
          <reporter-output>
          </reporter-output>
        </test-method> <!-- closeBrowser -->
        <test-method is-config="true" signature="endTest()[pri:0, instance:com.swagRunner.SwagRunner@5f9be66c]" started-at="2024-08-24T09:29:07 IST" name="endTest" finished-at="2024-08-24T09:29:08 IST" duration-ms="793" status="PASS">
          <reporter-output>
          </reporter-output>
        </test-method> <!-- endTest -->
      </class> <!-- com.swagRunner.SwagRunner -->
    </test> <!-- Default test -->
  </suite> <!-- Default suite -->
</testng-results>
